<?xml version="1.0" encoding="UTF-8"?>
<!-- Generated by org.testng.reporters.JUnitReportReporter -->
<testsuite skipped="0" hostname="HYD5393" name="FireFox" tests="2" failures="0" timestamp="27 Mar 2018 03:17:52 GMT" time="5.890" errors="0">
  <testcase name="url" time="5.882" classname="FireFox"/>
  <testcase name="login" time="0.008" classname="FireFox"/>
</testsuite> <!-- FireFox -->
